Using pre-set license

 COMMAND LINE ARGUMENTS:
/Applications/Unity/Hub/Editor/2020.2.0b8/Unity.app/Contents/MacOS/Unity
-adb2
-batchMode
-noUpm
-name
AssetImportWorker0
-projectPath
/Users/meesunpark/git/UntitledGame/Untitled Game
-logFile
Logs/AssetImportWorker0.log
-srvPort
50433
Successfully changed project path to: /Users/meesunpark/git/UntitledGame/Untitled Game
/Users/meesunpark/git/UntitledGame/Untitled Game
Using Asset Import Pipeline V2.
Refreshing native plugins compatible for Editor in 27.29 ms, found 1 plugins.
Preloading 0 native plugins for Editor in 0.00 ms.
Initialize engine version: 2020.2.0b8 (dff91d65251a)
[Subsystems] Discovering subsystems at path /Applications/Unity/Hub/Editor/2020.2.0b8/Unity.app/Contents/Resources/UnitySubsystems
[Subsystems] Discovering subsystems at path /Users/meesunpark/git/UntitledGame/Untitled Game/Assets
GfxDevice: creating device client; threaded=0
2020-10-28 10:07:32.662 Unity[1691:36304] Color LCD preferred device: AMD Radeon R9 M370X (high power)
2020-10-28 10:07:32.662 Unity[1691:36304] Metal devices available: 2
2020-10-28 10:07:32.662 Unity[1691:36304] 0: AMD Radeon R9 M370X (high power)
2020-10-28 10:07:32.662 Unity[1691:36304] 1: Intel Iris Pro Graphics (low power)
2020-10-28 10:07:32.663 Unity[1691:36304] Using device AMD Radeon R9 M370X (high power)
Initializing Metal device caps: AMD Radeon R9 M370X
Initialize mono
Mono path[0] = '/Applications/Unity/Hub/Editor/2020.2.0b8/Unity.app/Contents/Managed'
Mono path[1] = '/Applications/Unity/Hub/Editor/2020.2.0b8/Unity.app/Contents/MonoBleedingEdge/lib/mono/unityjit'
Mono config path = '/Applications/Unity/Hub/Editor/2020.2.0b8/Unity.app/Contents/MonoBleedingEdge/etc'
Using monoOptions --debugger-agent=transport=dt_socket,embedding=1,server=y,suspend=n,address=127.0.0.1:56691
Begin MonoManager ReloadAssembly
Registering precompiled unity dll's ...
Register platform support module: /Applications/Unity/Hub/Editor/2020.2.0b8/Unity.app/Contents/PlaybackEngines/MacStandaloneSupport/UnityEditor.OSXStandalone.Extensions.dll
Registered in 0.000548 seconds.
Native extension for OSXStandalone target not found
Refreshing native plugins compatible for Editor in 24.16 ms, found 1 plugins.
Preloading 0 native plugins for Editor in 0.00 ms.
Invoked RoslynAnalysisRunner static constructor.
RoslynAnalysisRunner will not be running.
RoslynAnalysisRunner has terminated.
Mono: successfully reloaded assembly
- Completed reload, in  2.288 seconds
Platform modules already initialized, skipping
Registering precompiled user dll's ...
Registered in 0.000335 seconds.
Begin MonoManager ReloadAssembly
Symbol file LoadedFromMemory doesn't match image /Users/meesunpark/git/UntitledGame/Untitled Game/Library/PackageCache/com.unity.ext.nunit@1.0.0/net35/unity-custom/nunit.framework.dll
Native extension for OSXStandalone target not found
Refreshing native plugins compatible for Editor in 0.38 ms, found 1 plugins.
Preloading 0 native plugins for Editor in 0.00 ms.
Invoked RoslynAnalysisRunner static constructor.
RoslynAnalysisRunner will not be running.
RoslynAnalysisRunner has terminated.
Mono: successfully reloaded assembly
- Completed reload, in  1.132 seconds
Platform modules already initialized, skipping
========================================================================
Worker process is ready to serve import requests
Launching external process: /Applications/Unity/Hub/Editor/2020.2.0b8/Unity.app/Contents/Tools/UnityShaderCompiler
Launched and connected shader compiler UnityShaderCompiler after 0.02 seconds
Refreshing native plugins compatible for Editor in 0.23 ms, found 1 plugins.
Preloading 0 native plugins for Editor in 0.00 ms.
Unloading 1087 Unused Serialized files (Serialized files now loaded: 0)
System memory in use before: 107.2 MB.
System memory in use after: 107.2 MB.

Unloading 10 unused Assets to reduce memory usage. Loaded Objects now: 1524.
Total: 3.270088 ms (FindLiveObjects: 0.549995 ms CreateObjectMapping: 0.132839 ms MarkObjects: 2.472697 ms  DeleteObjects: 0.112833 ms)

AssetImportWorkerClient::OnTransportError - code=2 error=End of file
