Using pre-set license

 COMMAND LINE ARGUMENTS:
/Applications/Unity/Hub/Editor/2020.2.0b8/Unity.app/Contents/MacOS/Unity
-adb2
-batchMode
-noUpm
-name
AssetImportWorker0
-projectPath
/Users/meesunpark/git/UntitledGame
-logFile
Logs/AssetImportWorker0.log
-srvPort
50848
Successfully changed project path to: /Users/meesunpark/git/UntitledGame
/Users/meesunpark/git/UntitledGame
Using Asset Import Pipeline V2.
Refreshing native plugins compatible for Editor in 28.11 ms, found 1 plugins.
Preloading 0 native plugins for Editor in 0.00 ms.
Initialize engine version: 2020.2.0b8 (dff91d65251a)
[Subsystems] Discovering subsystems at path /Applications/Unity/Hub/Editor/2020.2.0b8/Unity.app/Contents/Resources/UnitySubsystems
[Subsystems] Discovering subsystems at path /Users/meesunpark/git/UntitledGame/Assets
GfxDevice: creating device client; threaded=0
2020-10-28 15:23:09.893 Unity[2210:54707] Color LCD preferred device: AMD Radeon R9 M370X (high power)
2020-10-28 15:23:09.893 Unity[2210:54707] Metal devices available: 2
2020-10-28 15:23:09.893 Unity[2210:54707] 0: AMD Radeon R9 M370X (high power)
2020-10-28 15:23:09.893 Unity[2210:54707] 1: Intel Iris Pro Graphics (low power)
2020-10-28 15:23:09.899 Unity[2210:54707] Using device AMD Radeon R9 M370X (high power)
Initializing Metal device caps: AMD Radeon R9 M370X
Initialize mono
Mono path[0] = '/Applications/Unity/Hub/Editor/2020.2.0b8/Unity.app/Contents/Managed'
Mono path[1] = '/Applications/Unity/Hub/Editor/2020.2.0b8/Unity.app/Contents/MonoBleedingEdge/lib/mono/unityjit'
Mono config path = '/Applications/Unity/Hub/Editor/2020.2.0b8/Unity.app/Contents/MonoBleedingEdge/etc'
Using monoOptions --debugger-agent=transport=dt_socket,embedding=1,server=y,suspend=n,address=127.0.0.1:56210
Begin MonoManager ReloadAssembly
Registering precompiled unity dll's ...
Register platform support module: /Applications/Unity/Hub/Editor/2020.2.0b8/Unity.app/Contents/PlaybackEngines/MacStandaloneSupport/UnityEditor.OSXStandalone.Extensions.dll
Registered in 0.000532 seconds.
Native extension for OSXStandalone target not found
Refreshing native plugins compatible for Editor in 25.26 ms, found 1 plugins.
Preloading 0 native plugins for Editor in 0.00 ms.
Invoked RoslynAnalysisRunner static constructor.
RoslynAnalysisRunner will not be running.
RoslynAnalysisRunner has terminated.
Mono: successfully reloaded assembly
- Completed reload, in  1.983 seconds
Platform modules already initialized, skipping
Registering precompiled user dll's ...
Registered in 0.000474 seconds.
Begin MonoManager ReloadAssembly
Symbol file LoadedFromMemory doesn't match image /Users/meesunpark/git/UntitledGame/Library/PackageCache/com.unity.ext.nunit@1.0.0/net35/unity-custom/nunit.framework.dll
Native extension for OSXStandalone target not found
Refreshing native plugins compatible for Editor in 0.24 ms, found 1 plugins.
Preloading 0 native plugins for Editor in 0.00 ms.
Invoked RoslynAnalysisRunner static constructor.
RoslynAnalysisRunner will not be running.
RoslynAnalysisRunner has terminated.
Mono: successfully reloaded assembly
- Completed reload, in  1.052 seconds
Platform modules already initialized, skipping
========================================================================
Worker process is ready to serve import requests
Launching external process: /Applications/Unity/Hub/Editor/2020.2.0b8/Unity.app/Contents/Tools/UnityShaderCompiler
Launched and connected shader compiler UnityShaderCompiler after 0.02 seconds
Refreshing native plugins compatible for Editor in 0.26 ms, found 1 plugins.
Preloading 0 native plugins for Editor in 0.00 ms.
Unloading 1087 Unused Serialized files (Serialized files now loaded: 0)
System memory in use before: 107.3 MB.
System memory in use after: 107.4 MB.

Unloading 10 unused Assets to reduce memory usage. Loaded Objects now: 1525.
Total: 3.205228 ms (FindLiveObjects: 0.466186 ms CreateObjectMapping: 0.096352 ms MarkObjects: 2.517178 ms  DeleteObjects: 0.124146 ms)

========================================================================
Received Import Request.
  path: Assets/Scenes
  artifactKey: Guid(ea629ab414cd8429a94635058b7b0735) Importer(815301076,1909f56bfc062723c751e8b465ee728b)
Start importing Assets/Scenes using Guid(ea629ab414cd8429a94635058b7b0735) Importer(815301076,1909f56bfc062723c751e8b465ee728b)  -> (artifact id: '10125ce20fee7f893b31e7fc00f441b7') in 0.004471 seconds
  Import took 0.008696 seconds .

